<?xml version="1.0" encoding="UTF-8"?>
<testsuite name="jpabook.jpashop.MemberRepositoryTest" tests="1" skipped="0" failures="0" errors="0" timestamp="2025-12-28T07:28:34.970Z" hostname="gimmin-ui-MacBookAir.local" time="0.339">
  <properties/>
  <testcase name="testMember()" classname="jpabook.jpashop.MemberRepositoryTest" time="0.339"/>
  <system-out><![CDATA[16:28:32.978 [Test worker] INFO org.springframework.test.context.support.AnnotationConfigContextLoaderUtils -- Could not detect default configuration classes for test class [jpabook.jpashop.MemberRepositoryTest]: MemberRepositoryTest does not declare any static, non-private, non-final, nested classes annotated with @Configuration.
16:28:33.042 [Test worker] INFO org.springframework.boot.test.context.SpringBootTestContextBootstrapper -- Found @SpringBootConfiguration jpabook.jpashop.JpashopApplication for test class jpabook.jpashop.MemberRepositoryTest
16:28:33.120 [Test worker] INFO org.springframework.boot.devtools.restart.RestartApplicationListener -- Restart disabled due to context in which it is running

  .   ____          _            __ _ _
 /\\ / ___'_ __ _ _(_)_ __  __ _ \ \ \ \
( ( )\___ | '_ | '_| | '_ \/ _` | \ \ \ \
 \\/  ___)| |_)| | | | | || (_| |  ) ) ) )
  '  |____| .__|_| |_|_| |_\__, | / / / /
 =========|_|==============|___/=/_/_/_/

 :: Spring Boot ::                (v3.5.9)

2025-12-28T16:28:33.283+09:00  INFO 49762 --- [    Test worker] jpabook.jpashop.MemberRepositoryTest     : Starting MemberRepositoryTest using Java 17.0.12 with PID 49762 (started by kimmin in /Users/kimmin/workSpace/study/Hello_Spring_Boot_and_JPA_1)
2025-12-28T16:28:33.284+09:00  INFO 49762 --- [    Test worker] jpabook.jpashop.MemberRepositoryTest     : No active profile set, falling back to 1 default profile: "default"
2025-12-28T16:28:33.595+09:00  INFO 49762 --- [    Test worker] .s.d.r.c.RepositoryConfigurationDelegate : Bootstrapping Spring Data JPA repositories in DEFAULT mode.
2025-12-28T16:28:33.609+09:00  INFO 49762 --- [    Test worker] .s.d.r.c.RepositoryConfigurationDelegate : Finished Spring Data repository scanning in 5 ms. Found 0 JPA repository interfaces.
2025-12-28T16:28:33.857+09:00  INFO 49762 --- [    Test worker] o.hibernate.jpa.internal.util.LogHelper  : HHH000204: Processing PersistenceUnitInfo [name: default]
2025-12-28T16:28:33.891+09:00  INFO 49762 --- [    Test worker] org.hibernate.Version                    : HHH000412: Hibernate ORM core version 6.6.39.Final
2025-12-28T16:28:33.909+09:00  INFO 49762 --- [    Test worker] o.h.c.internal.RegionFactoryInitiator    : HHH000026: Second-level cache disabled
2025-12-28T16:28:34.066+09:00  INFO 49762 --- [    Test worker] o.s.o.j.p.SpringPersistenceUnitInfo      : No LoadTimeWeaver setup: ignoring JPA class transformer
2025-12-28T16:28:34.084+09:00  INFO 49762 --- [    Test worker] com.zaxxer.hikari.HikariDataSource       : HikariPool-1 - Starting...
2025-12-28T16:28:34.137+09:00  INFO 49762 --- [    Test worker] com.zaxxer.hikari.pool.HikariPool        : HikariPool-1 - Added connection conn0: url=jdbc:h2:tcp://localhost/~/jpashop user=SA
2025-12-28T16:28:34.138+09:00  INFO 49762 --- [    Test worker] com.zaxxer.hikari.HikariDataSource       : HikariPool-1 - Start completed.
2025-12-28T16:28:34.179+09:00  INFO 49762 --- [    Test worker] org.hibernate.orm.connections.pooling    : HHH10001005: Database info:
	Database JDBC URL [Connecting through datasource 'p6SpyDataSourceDecorator [com.p6spy.engine.spy.P6DataSource] -> dataSource [com.zaxxer.hikari.HikariDataSource]']
	Database driver: undefined/unknown
	Database version: 2.4.240
	Autocommit mode: undefined/unknown
	Isolation level: undefined/unknown
	Minimum pool size: undefined/unknown
	Maximum pool size: undefined/unknown
2025-12-28T16:28:34.544+09:00 DEBUG 49762 --- [    Test worker] org.hibernate.SQL                        : 
    create global temporary table HTE_member(rn_ integer not null, id bigint, user_name varchar(255), primary key (rn_)) TRANSACTIONAL
2025-12-28T16:28:34.548+09:00  INFO 49762 --- [    Test worker] p6spy                                    : #1766906914548 | took 1ms | statement | connection 1| url jdbc:h2:tcp://localhost/~/jpashop
create global temporary table HTE_member(rn_ integer not null, id bigint, user_name varchar(255), primary key (rn_)) TRANSACTIONAL
create global temporary table HTE_member(rn_ integer not null, id bigint, user_name varchar(255), primary key (rn_)) TRANSACTIONAL;
2025-12-28T16:28:34.608+09:00  INFO 49762 --- [    Test worker] o.h.e.t.j.p.i.JtaPlatformInitiator       : HHH000489: No JTA platform available (set 'hibernate.transaction.jta.platform' to enable JTA platform integration)
2025-12-28T16:28:34.615+09:00 DEBUG 49762 --- [    Test worker] org.hibernate.SQL                        : 
    drop table if exists member cascade 
2025-12-28T16:28:34.617+09:00  INFO 49762 --- [    Test worker] p6spy                                    : #1766906914617 | took 1ms | statement | connection 2| url jdbc:h2:tcp://localhost/~/jpashop

    drop table if exists member cascade 

    drop table if exists member cascade ;
2025-12-28T16:28:34.617+09:00 DEBUG 49762 --- [    Test worker] org.hibernate.SQL                        : 
    drop sequence if exists member_seq
2025-12-28T16:28:34.618+09:00  INFO 49762 --- [    Test worker] p6spy                                    : #1766906914618 | took 0ms | statement | connection 2| url jdbc:h2:tcp://localhost/~/jpashop

    drop sequence if exists member_seq

    drop sequence if exists member_seq;
2025-12-28T16:28:34.620+09:00 DEBUG 49762 --- [    Test worker] org.hibernate.SQL                        : 
    create sequence member_seq start with 1 increment by 50
2025-12-28T16:28:34.621+09:00  INFO 49762 --- [    Test worker] p6spy                                    : #1766906914621 | took 1ms | statement | connection 3| url jdbc:h2:tcp://localhost/~/jpashop

    create sequence member_seq start with 1 increment by 50

    create sequence member_seq start with 1 increment by 50;
2025-12-28T16:28:34.623+09:00 DEBUG 49762 --- [    Test worker] org.hibernate.SQL                        : 
    create table member (
        id bigint not null,
        user_name varchar(255),
        primary key (id)
    )
2025-12-28T16:28:34.625+09:00  INFO 49762 --- [    Test worker] p6spy                                    : #1766906914625 | took 1ms | statement | connection 3| url jdbc:h2:tcp://localhost/~/jpashop

    create table member (
        id bigint not null,
        user_name varchar(255),
        primary key (id)
    )

    create table member (
        id bigint not null,
        user_name varchar(255),
        primary key (id)
    );
2025-12-28T16:28:34.627+09:00  INFO 49762 --- [    Test worker] j.LocalContainerEntityManagerFactoryBean : Initialized JPA EntityManagerFactory for persistence unit 'default'
2025-12-28T16:28:34.747+09:00  WARN 49762 --- [    Test worker] JpaBaseConfiguration$JpaWebConfiguration : spring.jpa.open-in-view is enabled by default. Therefore, database queries may be performed during view rendering. Explicitly configure spring.jpa.open-in-view to disable this warning
2025-12-28T16:28:34.760+09:00  INFO 49762 --- [    Test worker] o.s.b.a.w.s.WelcomePageHandlerMapping    : Adding welcome page: class path resource [static/index.html]
2025-12-28T16:28:34.963+09:00  INFO 49762 --- [    Test worker] jpabook.jpashop.MemberRepositoryTest     : Started MemberRepositoryTest in 1.848 seconds (process running for 2.596)
2025-12-28T16:28:35.225+09:00 DEBUG 49762 --- [    Test worker] org.hibernate.SQL                        : 
    select
        next value for member_seq
2025-12-28T16:28:35.234+09:00  INFO 49762 --- [    Test worker] p6spy                                    : #1766906915234 | took 5ms | statement | connection 4| url jdbc:h2:tcp://localhost/~/jpashop
select next value for member_seq
select next value for member_seq;
2025-12-28T16:28:35.295+09:00 DEBUG 49762 --- [    Test worker] org.hibernate.SQL                        : 
    insert 
    into
        member
        (user_name, id) 
    values
        (?, ?)
2025-12-28T16:28:35.298+09:00 TRACE 49762 --- [    Test worker] org.hibernate.orm.jdbc.bind              : binding parameter (1:VARCHAR) <- [memberA]
2025-12-28T16:28:35.298+09:00 TRACE 49762 --- [    Test worker] org.hibernate.orm.jdbc.bind              : binding parameter (2:BIGINT) <- [1]
2025-12-28T16:28:35.299+09:00  INFO 49762 --- [    Test worker] p6spy                                    : #1766906915299 | took 0ms | statement | connection 4| url jdbc:h2:tcp://localhost/~/jpashop
insert into member (user_name,id) values (?,?)
insert into member (user_name,id) values ('memberA',1);
2025-12-28T16:28:35.302+09:00  INFO 49762 --- [    Test worker] p6spy                                    : #1766906915301 | took 0ms | commit | connection 4| url jdbc:h2:tcp://localhost/~/jpashop

;
]]></system-out>
  <system-err><![CDATA[]]></system-err>
</testsuite>
