<?xml version="1.0" encoding="UTF-8"?>
<testsuite name="jpabook.jpashop.JpashopApplicationTests" tests="1" skipped="0" failures="0" errors="0" timestamp="2025-12-28T04:33:42.484Z" hostname="gimmin-ui-MacBookAir.local" time="0.448">
  <properties/>
  <testcase name="contextLoads()" classname="jpabook.jpashop.JpashopApplicationTests" time="0.448"/>
  <system-out><![CDATA[13:33:40.285 [Test worker] INFO org.springframework.test.context.support.AnnotationConfigContextLoaderUtils -- Could not detect default configuration classes for test class [jpabook.jpashop.JpashopApplicationTests]: JpashopApplicationTests does not declare any static, non-private, non-final, nested classes annotated with @Configuration.
13:33:40.364 [Test worker] INFO org.springframework.boot.test.context.SpringBootTestContextBootstrapper -- Found @SpringBootConfiguration jpabook.jpashop.JpashopApplication for test class jpabook.jpashop.JpashopApplicationTests

  .   ____          _            __ _ _
 /\\ / ___'_ __ _ _(_)_ __  __ _ \ \ \ \
( ( )\___ | '_ | '_| | '_ \/ _` | \ \ \ \
 \\/  ___)| |_)| | | | | || (_| |  ) ) ) )
  '  |____| .__|_| |_|_| |_\__, | / / / /
 =========|_|==============|___/=/_/_/_/

 :: Spring Boot ::                (v3.5.9)

2025-12-28T13:33:40.643+09:00  INFO 44370 --- [jpashop] [    Test worker] j.jpashop.JpashopApplicationTests        : Starting JpashopApplicationTests using Java 17.0.12 with PID 44370 (started by kimmin in /Users/kimmin/workSpace/study/jpashop)
2025-12-28T13:33:40.644+09:00  INFO 44370 --- [jpashop] [    Test worker] j.jpashop.JpashopApplicationTests        : No active profile set, falling back to 1 default profile: "default"
2025-12-28T13:33:41.080+09:00  INFO 44370 --- [jpashop] [    Test worker] .s.d.r.c.RepositoryConfigurationDelegate : Bootstrapping Spring Data JPA repositories in DEFAULT mode.
2025-12-28T13:33:41.101+09:00  INFO 44370 --- [jpashop] [    Test worker] .s.d.r.c.RepositoryConfigurationDelegate : Finished Spring Data repository scanning in 11 ms. Found 0 JPA repository interfaces.
2025-12-28T13:33:41.344+09:00  INFO 44370 --- [jpashop] [    Test worker] com.zaxxer.hikari.HikariDataSource       : HikariPool-1 - Starting...
2025-12-28T13:33:41.473+09:00  INFO 44370 --- [jpashop] [    Test worker] com.zaxxer.hikari.pool.HikariPool        : HikariPool-1 - Added connection conn0: url=jdbc:h2:mem:18c5c77f-1572-45f4-a519-f7af16134abb user=SA
2025-12-28T13:33:41.477+09:00  INFO 44370 --- [jpashop] [    Test worker] com.zaxxer.hikari.HikariDataSource       : HikariPool-1 - Start completed.
2025-12-28T13:33:41.509+09:00  INFO 44370 --- [jpashop] [    Test worker] o.hibernate.jpa.internal.util.LogHelper  : HHH000204: Processing PersistenceUnitInfo [name: default]
2025-12-28T13:33:41.541+09:00  INFO 44370 --- [jpashop] [    Test worker] org.hibernate.Version                    : HHH000412: Hibernate ORM core version 6.6.39.Final
2025-12-28T13:33:41.563+09:00  INFO 44370 --- [jpashop] [    Test worker] o.h.c.internal.RegionFactoryInitiator    : HHH000026: Second-level cache disabled
2025-12-28T13:33:41.728+09:00  INFO 44370 --- [jpashop] [    Test worker] o.s.o.j.p.SpringPersistenceUnitInfo      : No LoadTimeWeaver setup: ignoring JPA class transformer
2025-12-28T13:33:41.782+09:00  INFO 44370 --- [jpashop] [    Test worker] org.hibernate.orm.connections.pooling    : HHH10001005: Database info:
	Database JDBC URL [Connecting through datasource 'HikariDataSource (HikariPool-1)']
	Database driver: undefined/unknown
	Database version: 2.3.232
	Autocommit mode: undefined/unknown
	Isolation level: undefined/unknown
	Minimum pool size: undefined/unknown
	Maximum pool size: undefined/unknown
2025-12-28T13:33:42.028+09:00  INFO 44370 --- [jpashop] [    Test worker] o.h.e.t.j.p.i.JtaPlatformInitiator       : HHH000489: No JTA platform available (set 'hibernate.transaction.jta.platform' to enable JTA platform integration)
2025-12-28T13:33:42.032+09:00  INFO 44370 --- [jpashop] [    Test worker] j.LocalContainerEntityManagerFactoryBean : Initialized JPA EntityManagerFactory for persistence unit 'default'
2025-12-28T13:33:42.122+09:00  WARN 44370 --- [jpashop] [    Test worker] JpaBaseConfiguration$JpaWebConfiguration : spring.jpa.open-in-view is enabled by default. Therefore, database queries may be performed during view rendering. Explicitly configure spring.jpa.open-in-view to disable this warning
2025-12-28T13:33:42.474+09:00  INFO 44370 --- [jpashop] [    Test worker] j.jpashop.JpashopApplicationTests        : Started JpashopApplicationTests in 1.955 seconds (process running for 2.854)
]]></system-out>
  <system-err><![CDATA[]]></system-err>
</testsuite>
